<?xml version="1.0" encoding="UTF-8"?>
<testng-results ignored="0" total="1" passed="1" failed="0" skipped="0">
  <reporter-output>
  </reporter-output>
  <suite started-at="2021-03-15T13:02:50 IST" name="Default suite" finished-at="2021-03-15T13:03:33 IST" duration-ms="43334">
    <groups>
    </groups>
    <test started-at="2021-03-15T13:02:50 IST" name="Default test" finished-at="2021-03-15T13:03:33 IST" duration-ms="43334">
      <class name="com.orangeHRMopenSource.testscripts.Admin">
        <test-method is-config="true" signature="openBrowser()[pri:0, instance:com.orangeHRMopenSource.testscripts.Admin@13e39c73]" started-at="2021-03-15T13:02:50 IST" name="openBrowser" finished-at="2021-03-15T13:02:55 IST" duration-ms="5049" status="PASS">
          <reporter-output>
          </reporter-output>
        </test-method> <!-- openBrowser -->
        <test-method is-config="true" signature="login()[pri:0, instance:com.orangeHRMopenSource.testscripts.Admin@13e39c73]" started-at="2021-03-15T13:02:55 IST" name="login" finished-at="2021-03-15T13:03:11 IST" duration-ms="16784" status="PASS">
          <reporter-output>
          </reporter-output>
        </test-method> <!-- login -->
        <test-method signature="User()[pri:0, instance:com.orangeHRMopenSource.testscripts.Admin@13e39c73]" started-at="2021-03-15T13:03:11 IST" name="User" finished-at="2021-03-15T13:03:25 IST" duration-ms="13370" status="PASS">
          <reporter-output>
          </reporter-output>
        </test-method> <!-- User -->
        <test-method is-config="true" signature="logout()[pri:0, instance:com.orangeHRMopenSource.testscripts.Admin@13e39c73]" started-at="2021-03-15T13:03:25 IST" name="logout" finished-at="2021-03-15T13:03:30 IST" duration-ms="5505" status="PASS">
          <reporter-output>
          </reporter-output>
        </test-method> <!-- logout -->
        <test-method is-config="true" signature="closeBrowser()[pri:0, instance:com.orangeHRMopenSource.testscripts.Admin@13e39c73]" started-at="2021-03-15T13:03:30 IST" name="closeBrowser" finished-at="2021-03-15T13:03:33 IST" duration-ms="2479" status="PASS">
          <reporter-output>
          </reporter-output>
        </test-method> <!-- closeBrowser -->
      </class> <!-- com.orangeHRMopenSource.testscripts.Admin -->
    </test> <!-- Default test -->
  </suite> <!-- Default suite -->
</testng-results>
